0 info it worked if it ends with ok
1 verbose cli [ '/usr/local/bin/node', '/usr/local/bin/npm', 'link' ]
2 info using npm@2.14.20
3 info using node@v4.4.1
4 verbose linkPkg /Users/flatironschool/socket.io/ecliptic/cli-version
5 silly gentlyRm /usr/local/lib/node_modules/cli-version is being purged
6 verbose gentlyRm don't care about contents; nuking /usr/local/lib/node_modules/cli-version
7 silly vacuum-fs purging /usr/local/lib/node_modules/cli-version
8 silly vacuum-fs quitting because other entries in /usr/local/lib/node_modules
9 verbose link build target /usr/local/lib/node_modules/cli-version
10 verbose install where, what [ '/Users/flatironschool/socket.io/ecliptic/cli-version', [] ]
11 verbose readDependencies loading dependencies from /Users/flatironschool/socket.io/ecliptic/cli-version/package.json
12 verbose install where, deps [ '/Users/flatironschool/socket.io/ecliptic/cli-version', [] ]
13 verbose install where, peers [ '/Users/flatironschool/socket.io/ecliptic/cli-version', [] ]
14 verbose installManyTop reading for lifecycle /Users/flatironschool/socket.io/ecliptic/cli-version/package.json
15 info preinstall cli-version@1.0.0
16 verbose readDependencies loading dependencies from /Users/flatironschool/socket.io/ecliptic/cli-version/package.json
17 silly install resolved []
18 info build /Users/flatironschool/socket.io/ecliptic/cli-version
19 info linkStuff cli-version@1.0.0
20 silly linkStuff cli-version@1.0.0 has /Users/flatironschool/socket.io/ecliptic as its parent node_modules
21 verbose linkBins cli-version@1.0.0
22 verbose linkMans cli-version@1.0.0
23 verbose rebuildBundles cli-version@1.0.0
24 info install cli-version@1.0.0
25 info postinstall cli-version@1.0.0
26 info prepublish cli-version@1.0.0
27 verbose validateInstall loading /Users/flatironschool/socket.io/ecliptic/cli-version/package.json for validation
28 info build /usr/local/lib/node_modules/cli-version
29 info linkStuff cli-version@1.0.0
30 silly linkStuff cli-version@1.0.0 has /usr/local/lib/node_modules as its parent node_modules
31 silly linkStuff cli-version@1.0.0 is part of a global install
32 silly linkStuff cli-version@1.0.0 is installed into a global node_modules
33 silly linkStuff cli-version@1.0.0 is installed into the top-level global node_modules
34 verbose linkBins cli-version@1.0.0
35 verbose link bins [ { mycliapp: './bin/mycliapp' }, '/usr/local/bin', true ]
36 verbose linkMans cli-version@1.0.0
37 verbose stack Error: ENOENT: no such file or directory, chmod '/usr/local/lib/node_modules/cli-version/bin/mycliapp'
37 verbose stack     at Error (native)
38 verbose cwd /Users/flatironschool/socket.io/ecliptic/cli-version/bin
39 error Darwin 15.3.0
40 error argv "/usr/local/bin/node" "/usr/local/bin/npm" "link"
41 error node v4.4.1
42 error npm  v2.14.20
43 error path /usr/local/lib/node_modules/cli-version/bin/mycliapp
44 error code ENOENT
45 error errno -2
46 error syscall chmod
47 error enoent ENOENT: no such file or directory, chmod '/usr/local/lib/node_modules/cli-version/bin/mycliapp'
47 error enoent This is most likely not a problem with npm itself
47 error enoent and is related to npm not being able to find a file.
48 verbose exit [ -2, true ]
